9/10/2019 10:18:18 AM
 
Log
Lap completed: 3.479997
UnityEngine.Debug:Log(Object)
UnityStandardAssets.Vehicles.Car.CarAgent:OnTriggerEnter(Collider) (at Assets/AIConf/Activity2-SelfDrivingCar/Scripts/CarAgent.cs:94)

Log
Lap completed: 3.439997
UnityEngine.Debug:Log(Object)
UnityStandardAssets.Vehicles.Car.CarAgent:OnTriggerEnter(Collider) (at Assets/AIConf/Activity2-SelfDrivingCar/Scripts/CarAgent.cs:94)

Log
Lap completed: 3.639997
UnityEngine.Debug:Log(Object)
UnityStandardAssets.Vehicles.Car.CarAgent:OnTriggerEnter(Collider) (at Assets/AIConf/Activity2-SelfDrivingCar/Scripts/CarAgent.cs:94)

Log
Lap completed: 3.459997
UnityEngine.Debug:Log(Object)
UnityStandardAssets.Vehicles.Car.CarAgent:OnTriggerEnter(Collider) (at Assets/AIConf/Activity2-SelfDrivingCar/Scripts/CarAgent.cs:94)

Log
Lap completed: 3.579997
UnityEngine.Debug:Log(Object)
UnityStandardAssets.Vehicles.Car.CarAgent:OnTriggerEnter(Collider) (at Assets/AIConf/Activity2-SelfDrivingCar/Scripts/CarAgent.cs:94)

Log
Lap completed: 3.559997
UnityEngine.Debug:Log(Object)
UnityStandardAssets.Vehicles.Car.CarAgent:OnTriggerEnter(Collider) (at Assets/AIConf/Activity2-SelfDrivingCar/Scripts/CarAgent.cs:94)

Log
Lap completed: 3.499997
UnityEngine.Debug:Log(Object)
UnityStandardAssets.Vehicles.Car.CarAgent:OnTriggerEnter(Collider) (at Assets/AIConf/Activity2-SelfDrivingCar/Scripts/CarAgent.cs:94)

Log
Lap completed: 3.559997
UnityEngine.Debug:Log(Object)
UnityStandardAssets.Vehicles.Car.CarAgent:OnTriggerEnter(Collider) (at Assets/AIConf/Activity2-SelfDrivingCar/Scripts/CarAgent.cs:94)

Log
Lap completed: 3.439997
UnityEngine.Debug:Log(Object)
UnityStandardAssets.Vehicles.Car.CarAgent:OnTriggerEnter(Collider) (at Assets/AIConf/Activity2-SelfDrivingCar/Scripts/CarAgent.cs:94)

Log
Lap completed: 3.459997
UnityEngine.Debug:Log(Object)
UnityStandardAssets.Vehicles.Car.CarAgent:OnTriggerEnter(Collider) (at Assets/AIConf/Activity2-SelfDrivingCar/Scripts/CarAgent.cs:94)

Log
Lap completed: 3.459997
UnityEngine.Debug:Log(Object)
UnityStandardAssets.Vehicles.Car.CarAgent:OnTriggerEnter(Collider) (at Assets/AIConf/Activity2-SelfDrivingCar/Scripts/CarAgent.cs:94)

Log
Lap completed: 3.519997
UnityEngine.Debug:Log(Object)
UnityStandardAssets.Vehicles.Car.CarAgent:OnTriggerEnter(Collider) (at Assets/AIConf/Activity2-SelfDrivingCar/Scripts/CarAgent.cs:94)

Log
Lap completed: 3.479997
UnityEngine.Debug:Log(Object)
UnityStandardAssets.Vehicles.Car.CarAgent:OnTriggerEnter(Collider) (at Assets/AIConf/Activity2-SelfDrivingCar/Scripts/CarAgent.cs:94)

9/10/2019 10:33:38 AM
 
Log
Lap completed: 3.279998
UnityEngine.Debug:Log(Object)
UnityStandardAssets.Vehicles.Car.CarAgent:OnTriggerEnter(Collider) (at Assets/AIConf/Activity2-SelfDrivingCar/Scripts/CarAgent.cs:94)

Log
Lap completed: 3.419997
UnityEngine.Debug:Log(Object)
UnityStandardAssets.Vehicles.Car.CarAgent:OnTriggerEnter(Collider) (at Assets/AIConf/Activity2-SelfDrivingCar/Scripts/CarAgent.cs:94)

Log
Lap completed: 3.599997
UnityEngine.Debug:Log(Object)
UnityStandardAssets.Vehicles.Car.CarAgent:OnTriggerEnter(Collider) (at Assets/AIConf/Activity2-SelfDrivingCar/Scripts/CarAgent.cs:94)

Log
Lap completed: 3.799997
UnityEngine.Debug:Log(Object)
UnityStandardAssets.Vehicles.Car.CarAgent:OnTriggerEnter(Collider) (at Assets/AIConf/Activity2-SelfDrivingCar/Scripts/CarAgent.cs:94)

Log
Lap completed: 3.899997
UnityEngine.Debug:Log(Object)
UnityStandardAssets.Vehicles.Car.CarAgent:OnTriggerEnter(Collider) (at Assets/AIConf/Activity2-SelfDrivingCar/Scripts/CarAgent.cs:94)

Log
Lap completed: 3.919997
UnityEngine.Debug:Log(Object)
UnityStandardAssets.Vehicles.Car.CarAgent:OnTriggerEnter(Collider) (at Assets/AIConf/Activity2-SelfDrivingCar/Scripts/CarAgent.cs:94)

Log
Lap completed: 3.939997
UnityEngine.Debug:Log(Object)
UnityStandardAssets.Vehicles.Car.CarAgent:OnTriggerEnter(Collider) (at Assets/AIConf/Activity2-SelfDrivingCar/Scripts/CarAgent.cs:94)

Log
Lap completed: 4.999996
UnityEngine.Debug:Log(Object)
UnityStandardAssets.Vehicles.Car.CarAgent:OnTriggerEnter(Collider) (at Assets/AIConf/Activity2-SelfDrivingCar/Scripts/CarAgent.cs:94)

Log
Lap completed: 3.539997
UnityEngine.Debug:Log(Object)
UnityStandardAssets.Vehicles.Car.CarAgent:OnTriggerEnter(Collider) (at Assets/AIConf/Activity2-SelfDrivingCar/Scripts/CarAgent.cs:94)

Log
Lap completed: 3.519997
UnityEngine.Debug:Log(Object)
UnityStandardAssets.Vehicles.Car.CarAgent:OnTriggerEnter(Collider) (at Assets/AIConf/Activity2-SelfDrivingCar/Scripts/CarAgent.cs:94)

Log
Lap completed: 4.159997
UnityEngine.Debug:Log(Object)
UnityStandardAssets.Vehicles.Car.CarAgent:OnTriggerEnter(Collider) (at Assets/AIConf/Activity2-SelfDrivingCar/Scripts/CarAgent.cs:94)

Log
Lap completed: 3.559997
UnityEngine.Debug:Log(Object)
UnityStandardAssets.Vehicles.Car.CarAgent:OnTriggerEnter(Collider) (at Assets/AIConf/Activity2-SelfDrivingCar/Scripts/CarAgent.cs:94)

Log
Lap completed: 4.299997
UnityEngine.Debug:Log(Object)
UnityStandardAssets.Vehicles.Car.CarAgent:OnTriggerEnter(Collider) (at Assets/AIConf/Activity2-SelfDrivingCar/Scripts/CarAgent.cs:94)

Log
Lap completed: 3.639997
UnityEngine.Debug:Log(Object)
UnityStandardAssets.Vehicles.Car.CarAgent:OnTriggerEnter(Collider) (at Assets/AIConf/Activity2-SelfDrivingCar/Scripts/CarAgent.cs:94)

Log
Lap completed: 3.659997
UnityEngine.Debug:Log(Object)
UnityStandardAssets.Vehicles.Car.CarAgent:OnTriggerEnter(Collider) (at Assets/AIConf/Activity2-SelfDrivingCar/Scripts/CarAgent.cs:94)

Log
Lap completed: 3.619997
UnityEngine.Debug:Log(Object)
UnityStandardAssets.Vehicles.Car.CarAgent:OnTriggerEnter(Collider) (at Assets/AIConf/Activity2-SelfDrivingCar/Scripts/CarAgent.cs:94)

9/10/2019 11:23:19 AM
 
